<?xml version="1.0" encoding="UTF-8"?>
<!-- Generated by org.testng.reporters.JUnitXMLReporter -->
<testsuite hostname="MDB22LT526" ignored="0" name="Extentreports" tests="6" failures="1" timestamp="18 Feb 2020 04:10:01 GMT" time="47.967" errors="0">
  <testcase name="@AfterMethod getResult" time="0.005" classname="tests.ExtentReport">
    <failure type="java.lang.NullPointerException">
      <![CDATA[java.lang.NullPointerException
at tests.ExtentReport.getResult(ExtentReport.java:118)
... Removed 28 stack frames]]>
    </failure>
  </testcase> <!-- @AfterMethod getResult -->
  <testcase name="@AfterTest endReport" time="0.0" classname="tests.ExtentReport">
    <skipped/>
  </testcase> <!-- @AfterTest endReport -->
  <testcase name="testMethod1" time="10.447" classname="tests.ExtentReport"/>
  <testcase name="testMethod2" time="7.897" classname="tests.ExtentReport"/>
  <testcase name="testMethod3" time="7.825" classname="tests.ExtentReport"/>
  <testcase name="testMethod4" time="8.121" classname="tests.ExtentReport"/>
  <testcase name="testMethod5" time="7.798" classname="tests.ExtentReport"/>
  <testcase name="testMethod6" time="5.695" classname="tests.ExtentReport">
    <failure type="java.lang.AssertionError" message="expected [true] but found [false]">
      <![CDATA[java.lang.AssertionError: expected [true] but found [false]
at tests.ExtentReport.testMethod6(ExtentReport.java:111)
... Removed 29 stack frames]]>
    </failure>
  </testcase> <!-- testMethod6 -->
</testsuite> <!-- Extentreports -->
