<?xml version="1.0" encoding="UTF-8"?>
<!-- Generated by org.testng.reporters.JUnitXMLReporter -->
<testsuite hostname="MDB22LT526" ignored="3" name="GroupsandPriority" tests="3" failures="0" timestamp="17 Feb 2020 07:16:04 GMT" time="21.935" errors="0">
  <testcase name="testMethod1" time="8.086" classname="tests.GroupsandPriorityTest"/>
  <testcase name="testMethod2" time="6.643" classname="tests.GroupsandPriorityTest"/>
  <testcase name="testMethod3" time="7.183" classname="tests.GroupsandPriorityTest"/>
  <testcase name="testMethod6" time="0.0" classname="tests.GroupsandPriorityTest">
    <ignored/>
  </testcase> <!-- testMethod6 -->
  <testcase name="testMethod5" time="0.0" classname="tests.GroupsandPriorityTest">
    <ignored/>
  </testcase> <!-- testMethod5 -->
  <testcase name="testMethod4" time="0.0" classname="tests.GroupsandPriorityTest">
    <ignored/>
  </testcase> <!-- testMethod4 -->
</testsuite> <!-- GroupsandPriority -->
