<?xml version="1.0" encoding="UTF-8"?>
<!-- Generated by org.testng.reporters.JUnitXMLReporter -->
<testsuite hostname="MDB22LT526" ignored="0" name="ParallelTesting" tests="5" failures="0" timestamp="17 Feb 2020 03:58:32 GMT" time="16.337" errors="0">
  <testcase name="testMethod5" time="13.462" classname="tests.ParallelTest"/>
  <testcase name="testMethod2" time="14.03" classname="tests.ParallelTest"/>
  <testcase name="testMethod4" time="15.755" classname="tests.ParallelTest"/>
  <testcase name="testMethod3" time="16.152" classname="tests.ParallelTest"/>
  <testcase name="testMethod1" time="16.315" classname="tests.ParallelTest"/>
</testsuite> <!-- ParallelTesting -->
